<?xml version="1.0" encoding="UTF-8"?>
<!-- Generated by org.testng.reporters.JUnitReportReporter -->
<testsuite skipped="0" hostname="DESKTOP-FUGQNF4" name="org.screen.Screenshot" tests="4" failures="0" timestamp="29 Jan 2023 04:07:34 GMT" time="0.016" errors="0">
  <testcase name="testA1" time="0.000" classname="org.screen.Screenshot"/>
  <testcase name="testA2" time="0.016" classname="org.screen.Screenshot"/>
  <testcase name="testA" time="0.000" classname="org.screen.Screenshot"/>
  <testcase name="testA3" time="0.000" classname="org.screen.Screenshot"/>
</testsuite> <!-- org.screen.Screenshot -->
