<?xml version="1.0" encoding="UTF-8"?>
<!-- Generated by org.testng.reporters.JUnitReportReporter -->
<testsuite skipped="0" hostname="DESKTOP-FUGQNF4" name="org.parallel.Gama" tests="8" failures="0" timestamp="03 Feb 2023 05:38:04 GMT" time="0.134" errors="0">
  <testcase name="testG1" time="0.062" classname="org.parallel.Gama"/>
  <testcase name="testG1" time="0.007" classname="org.parallel.Gama"/>
  <testcase name="testg1" time="0.004" classname="org.parallel.Gama"/>
  <testcase name="testG2" time="0.012" classname="org.parallel.Gama"/>
  <testcase name="testG2" time="0.001" classname="org.parallel.Gama"/>
  <testcase name="testg2" time="0.002" classname="org.parallel.Gama"/>
  <testcase name="testg2" time="0.018" classname="org.parallel.Gama"/>
  <testcase name="testg1" time="0.028" classname="org.parallel.Gama"/>
</testsuite> <!-- org.parallel.Gama -->
