<?xml version="1.0" encoding="UTF-8"?>
<!-- Generated by org.testng.reporters.JUnitReportReporter -->
<testsuite skipped="0" hostname="DESKTOP-FUGQNF4" name="org.test.Sample" tests="3" failures="0" timestamp="25 Jan 2023 05:38:24 GMT" time="0.000" errors="0">
  <testcase name="test1" time="0.000" classname="org.test.Sample"/>
  <testcase name="test2" time="0.000" classname="org.test.Sample"/>
  <testcase name="test3" time="0.000" classname="org.test.Sample"/>
</testsuite> <!-- org.test.Sample -->
