<?xml version="1.0" encoding="UTF-8"?>
<!-- Generated by org.testng.reporters.JUnitReportReporter -->
<testsuite skipped="1" hostname="DESKTOP-FUGQNF4" name="org.demo.Day2" tests="9" failures="0" timestamp="23 Jan 2023 20:15:34 GMT" time="0.035" errors="0">
  <testcase name="test4" time="0.006" classname="org.demo.Day2"/>
  <testcase name="test3" time="0.005" classname="org.demo.Day2"/>
  <testcase name="test3" time="0.002" classname="org.demo.Day2"/>
  <testcase name="test3" time="0.002" classname="org.demo.Day2"/>
  <testcase name="test3" time="0.003" classname="org.demo.Day2"/>
  <testcase name="test3" time="0.006" classname="org.demo.Day2"/>
  <testcase name="test3" time="0.005" classname="org.demo.Day2"/>
  <testcase name="test2" time="0.006" classname="org.demo.Day2"/>
  <testcase name="test1" classname="org.demo.Day2">
    <skipped/>
  </testcase> <!-- test1 -->
</testsuite> <!-- org.demo.Day2 -->
