<?xml version="1.0" encoding="UTF-8"?>
<!-- Generated by org.testng.reporters.JUnitReportReporter -->
<testsuite skipped="0" hostname="DESKTOP-FUGQNF4" name="org.parameter.A" tests="4" failures="0" timestamp="28 Jan 2023 04:07:07 GMT" time="0.031" errors="0">
  <testcase name="test3" time="0.016" classname="org.parameter.A"/>
  <testcase name="test1" time="0.015" classname="org.parameter.A"/>
  <testcase name="test4" time="0.000" classname="org.parameter.A"/>
  <testcase name="test2" time="0.000" classname="org.parameter.A"/>
</testsuite> <!-- org.parameter.A -->
