<?xml version="1.0" encoding="UTF-8"?>
<!-- Generated by org.testng.reporters.JUnitReportReporter -->
<testsuite skipped="0" hostname="DESKTOP-FUGQNF4" name="org.parameter.B" tests="4" failures="0" timestamp="28 Jan 2023 04:07:07 GMT" time="0.000" errors="0">
  <testcase name="test14" time="0.000" classname="org.parameter.B"/>
  <testcase name="test12" time="0.000" classname="org.parameter.B"/>
  <testcase name="test11" time="0.000" classname="org.parameter.B"/>
  <testcase name="test13" time="0.000" classname="org.parameter.B"/>
</testsuite> <!-- org.parameter.B -->
