<?xml version="1.0" encoding="UTF-8"?>
<!-- Generated by org.testng.reporters.JUnitReportReporter -->
<testsuite skipped="0" hostname="DESKTOP-FUGQNF4" name="org.parallel.Alpha" tests="8" failures="0" timestamp="03 Feb 2023 05:38:04 GMT" time="0.090" errors="0">
  <testcase name="testA2" time="0.009" classname="org.parallel.Alpha"/>
  <testcase name="testa1" time="0.006" classname="org.parallel.Alpha"/>
  <testcase name="testA1" time="0.019" classname="org.parallel.Alpha"/>
  <testcase name="testA1" time="0.004" classname="org.parallel.Alpha"/>
  <testcase name="testa1" time="0.025" classname="org.parallel.Alpha"/>
  <testcase name="testa2" time="0.003" classname="org.parallel.Alpha"/>
  <testcase name="testA2" time="0.006" classname="org.parallel.Alpha"/>
  <testcase name="testa2" time="0.018" classname="org.parallel.Alpha"/>
</testsuite> <!-- org.parallel.Alpha -->
