<?xml version="1.0" encoding="UTF-8"?>
<!-- Generated by org.testng.reporters.JUnitReportReporter -->
<testsuite skipped="0" hostname="DESKTOP-FUGQNF4" name="org.group.Grouping1" tests="4" failures="0" timestamp="26 Jan 2023 02:23:42 GMT" time="0.016" errors="0">
  <testcase name="test9" time="0.000" classname="org.group.Grouping1"/>
  <testcase name="test6" time="0.000" classname="org.group.Grouping1"/>
  <testcase name="test11" time="0.016" classname="org.group.Grouping1"/>
  <testcase name="test8" time="0.000" classname="org.group.Grouping1"/>
</testsuite> <!-- org.group.Grouping1 -->
