<?xml version="1.0" encoding="UTF-8"?>
<!-- Generated by org.testng.reporters.JUnitReportReporter -->
<testsuite skipped="0" hostname="DESKTOP-FUGQNF4" name="org.parameter.C" tests="4" failures="0" timestamp="28 Jan 2023 04:07:07 GMT" time="0.003" errors="0">
  <testcase name="test24" time="0.001" classname="org.parameter.C"/>
  <testcase name="test21" time="0.002" classname="org.parameter.C"/>
  <testcase name="test22" time="0.000" classname="org.parameter.C"/>
  <testcase name="test23" time="0.000" classname="org.parameter.C"/>
</testsuite> <!-- org.parameter.C -->
