<?xml version="1.0" encoding="UTF-8"?>
<!-- Generated by org.testng.reporters.JUnitReportReporter -->
<testsuite skipped="0" hostname="DESKTOP-FUGQNF4" name="org.data.DataProviderClass" tests="13" failures="0" timestamp="26 Jan 2023 04:06:46 GMT" time="74.516" errors="0">
  <testcase name="testa" time="8.291" classname="org.data.DataProviderClass"/>
  <testcase name="testb" time="8.128" classname="org.data.DataProviderClass"/>
  <testcase name="testb" time="8.051" classname="org.data.DataProviderClass"/>
  <testcase name="testa" time="6.468" classname="org.data.DataProviderClass"/>
  <testcase name="testb" time="8.304" classname="org.data.DataProviderClass"/>
  <testcase name="testb" time="8.016" classname="org.data.DataProviderClass"/>
  <testcase name="testb" time="7.862" classname="org.data.DataProviderClass"/>
  <testcase name="testB" time="0.001" classname="org.data.DataProviderClass"/>
  <testcase name="test5" time="0.008" classname="org.data.DataProviderClass"/>
  <testcase name="testA" time="0.000" classname="org.data.DataProviderClass"/>
  <testcase name="testa" time="6.676" classname="org.data.DataProviderClass"/>
  <testcase name="testa" time="6.266" classname="org.data.DataProviderClass"/>
  <testcase name="testa" time="6.445" classname="org.data.DataProviderClass"/>
</testsuite> <!-- org.data.DataProviderClass -->
