<?xml version="1.0" encoding="UTF-8"?>
<!-- Generated by org.testng.reporters.JUnitReportReporter -->
<testsuite skipped="0" hostname="DESKTOP-FUGQNF4" name="org.group.GroupingTestNG" tests="1" failures="0" timestamp="26 Jan 2023 01:30:48 GMT" time="0.016" errors="0">
  <testcase name="test4" time="0.016" classname="org.group.GroupingTestNG"/>
</testsuite> <!-- org.group.GroupingTestNG -->
