<?xml version="1.0" encoding="UTF-8"?>
<!-- Generated by org.testng.reporters.JUnitReportReporter -->
<testsuite skipped="0" hostname="DESKTOP-FUGQNF4" name="org.data.Data" tests="5" failures="0" timestamp="25 Jan 2023 00:06:22 GMT" time="0.025" errors="0">
  <testcase name="test1" time="0.013" classname="org.data.Data"/>
  <testcase name="test3" time="0.002" classname="org.data.Data"/>
  <testcase name="test3" time="0.003" classname="org.data.Data"/>
  <testcase name="test2" time="0.002" classname="org.data.Data"/>
  <testcase name="test3" time="0.005" classname="org.data.Data"/>
</testsuite> <!-- org.data.Data -->
