<?xml version="1.0" encoding="UTF-8"?>
<!-- Generated by org.testng.reporters.JUnitReportReporter -->
<testsuite skipped="0" hostname="DESKTOP-FUGQNF4" name="org.parallel.Beta" tests="8" failures="0" timestamp="03 Feb 2023 05:38:04 GMT" time="0.191" errors="0">
  <testcase name="testb1" time="0.054" classname="org.parallel.Beta"/>
  <testcase name="testB2" time="0.047" classname="org.parallel.Beta"/>
  <testcase name="testb1" time="0.011" classname="org.parallel.Beta"/>
  <testcase name="testb2" time="0.012" classname="org.parallel.Beta"/>
  <testcase name="testB1" time="0.060" classname="org.parallel.Beta"/>
  <testcase name="testB1" time="0.002" classname="org.parallel.Beta"/>
  <testcase name="testb2" time="0.002" classname="org.parallel.Beta"/>
  <testcase name="testB2" time="0.003" classname="org.parallel.Beta"/>
</testsuite> <!-- org.parallel.Beta -->
